////////////////////////////////////////////////////////////////////////////////
///////////////////InstallShield Media Library Report Summary///////////////////
////////////////////////////////////////////////////////////////////////////////

Media Name      : Default
Report Filename : R:\Projects\Picture Scroller 2.0\My Installations\Picture Scroller 2.0 Lite\Media\Default\Report Files\1-11-2004 8.08.20PM.rpt
Date            : 01/11/2004
Time            : 8:08PM

Number of Components:                4 
Number of File Groups:               4 
Number of Files:                    13 
Total Size of Files:         4,332,271 (bytes)

==========
COMPONENTS
==========


     Program Files
     Example Files
     Help Files
     Shared DLLs


////////////////////////////////////////////////////////////////////////////////
/////////////////////////////////Report Details/////////////////////////////////
////////////////////////////////////////////////////////////////////////////////


================================================================================
                           COMPONENT: "Program Files"
================================================================================

SUMMARY:
    Total Files:                1 (files for this component only)
    Source Bytes:         806,912 (files for this component only)


                **** File Group: "Program Executable Files" ****


<Directory>: R:\Projects\Picture Scroller 2.0\Lite

    Filename                    Date        Time      Size         Version      
    --------------------------  ----------  --------  -----------  -------------
    Picture Scroller.exe        01/11/2004  18:43:17      806,912  2.10.0.0     
    --------------------------  ----------  --------  -----------  -------------
    Count=1                                               806,912               


================================================================================
                           COMPONENT: "Example Files"
================================================================================

SUMMARY:
    Total Files:                5 (files for this component only)
    Source Bytes:       1,076,331 (files for this component only)


                     **** File Group: "Example Files" ****


<Directory>: R:\Projects\Picture Scroller 2.0\Pics\Included Pics

    Filename                    Date        Time      Size         Version      
    --------------------------  ----------  --------  -----------  -------------
    Grand Tetons.jpg            09/20/2000  21:39:50       40,819               
    Buffalo.jpg                 12/07/2000  21:47:56       71,443               
    Natural Bridge.jpg          09/14/2000  19:20:46       47,735               
    Old Faithful.jpg            09/11/2000  23:24:40       23,606               
    Waterfall.jpg               09/11/2000  23:24:50       85,816               
    --------------------------  ----------  --------  -----------  -------------
    Count=5                                               269,419               


================================================================================
                            COMPONENT: "Help Files"
================================================================================

SUMMARY:
    Total Files:                3 (files for this component only)
    Source Bytes:       1,102,028 (files for this component only)


                       **** File Group: "Help Files" ****


<Directory>: R:\Projects\Picture Scroller 2.0\Lite

    Filename                    Date        Time      Size         Version      
    --------------------------  ----------  --------  -----------  -------------
    Picture Scroller.chm        01/11/2004  19:54:11       25,663               
    --------------------------  ----------  --------  -----------  -------------
    Count=1                                                25,663               


<Directory>: R:\Projects\Picture Scroller 2.0\My Installations\Picture Scroller 2.0 Lite

    Filename                    Date        Time      Size         Version      
    --------------------------  ----------  --------  -----------  -------------
    Options.dat                 11/01/2000  01:25:06            0               
    Examples.pcs                11/01/2000  03:50:00           34               
    --------------------------  ----------  --------  -----------  -------------
    Count=2                                                    34               


================================================================================
                            COMPONENT: "Shared DLLs"
================================================================================

SUMMARY:
    Total Files:                4 (files for this component only)
    Source Bytes:       4,332,271 (files for this component only)


                      **** File Group: "Shared DLLs" ****


<Directory>: R:\Projects\Picture Scroller 2.0\Shared Dlls

    Filename                    Date        Time      Size         Version      
    --------------------------  ----------  --------  -----------  -------------
    msvbvm60.dll                12/07/1999  05:00:00    1,384,448  6.0.84.95    
    MSCOMCTL.OCX                05/12/2001  07:21:26    1,067,011  6.0.81.77    
    oleaut32.dll                12/07/1999  05:00:00      614,672  2.40.4512.1  
    olepro32.dll                12/07/1999  05:00:00      164,112  5.0.4512.1   
    --------------------------  ----------  --------  -----------  -------------
    Count=4                                             3,230,243               
